# JRE version: OpenJDK Runtime Environment (11.0.8+10) (build 11.0.8+10-b944.6842174)
# Java VM: OpenJDK 64-Bit Server VM (11.0.8+10-b944.6842174, mixed mode, tiered, compressed oops, g1 gc, windows-amd64)
Heap:
 garbage-first heap   total 734208K, used 231936K [0x0000000080000000, 0x0000000100000000)
  region size 1024K, 7 young (7168K), 7 survivors (7168K)
 Metaspace       used 158644K, capacity 162147K, committed 162304K, reserved 1189888K
  class space    used 19674K, capacity 20947K, committed 20992K, reserved 1048576K
GC Heap History (20 events):
Event: 154.619 GC heap after
{Heap after GC invocations=85 (full 0):
 garbage-first heap   total 227328K, used 128163K [0x0000000080000000, 0x0000000100000000)
  region size 1024K, 2 young (2048K), 2 survivors (2048K)
 Metaspace       used 157550K, capacity 161040K, committed 161152K, reserved 1189888K
  class space    used 19549K, capacity 20780K, committed 20864K, reserved 1048576K
}
Event: 154.771 GC heap before
{Heap before GC invocations=85 (full 0):
 garbage-first heap   total 227328K, used 168099K [0x0000000080000000, 0x0000000100000000)
  region size 1024K, 41 young (41984K), 2 survivors (2048K)
 Metaspace       used 157551K, capacity 161040K, committed 161152K, reserved 1189888K
  class space    used 19549K, capacity 20780K, committed 20864K, reserved 1048576K
}
Event: 154.775 GC heap after
{Heap after GC invocations=86 (full 0):
 garbage-first heap   total 227328K, used 135094K [0x0000000080000000, 0x0000000100000000)
  region size 1024K, 6 young (6144K), 6 survivors (6144K)
 Metaspace       used 157551K, capacity 161040K, committed 161152K, reserved 1189888K
  class space    used 19549K, capacity 20780K, committed 20864K, reserved 1048576K
}
Event: 154.896 GC heap before
{Heap before GC invocations=86 (full 0):
 garbage-first heap   total 227328K, used 172982K [0x0000000080000000, 0x0000000100000000)
  region size 1024K, 44 young (45056K), 6 survivors (6144K)
 Metaspace       used 157551K, capacity 161040K, committed 161152K, reserved 1189888K
  class space    used 19549K, capacity 20780K, committed 20864K, reserved 1048576K
}
Event: 154.900 GC heap after
{Heap after GC invocations=87 (full 0):
 garbage-first heap   total 227328K, used 141808K [0x0000000080000000, 0x0000000100000000)
  region size 1024K, 6 young (6144K), 6 survivors (6144K)
 Metaspace       used 157551K, capacity 161040K, committed 161152K, reserved 1189888K
  class space    used 19549K, capacity 20780K, committed 20864K, reserved 1048576K
}
Event: 155.007 GC heap before
{Heap before GC invocations=87 (full 0):
 garbage-first heap   total 227328K, used 178672K [0x0000000080000000, 0x0000000100000000)
  region size 1024K, 42 young (43008K), 6 survivors (6144K)
 Metaspace       used 157551K, capacity 161040K, committed 161152K, reserved 1189888K
  class space    used 19549K, capacity 20780K, committed 20864K, reserved 1048576K
}
Event: 155.013 GC heap after
{Heap after GC invocations=88 (full 0):
 garbage-first heap   total 227328K, used 149238K [0x0000000080000000, 0x0000000100000000)
  region size 1024K, 6 young (6144K), 6 survivors (6144K)
 Metaspace       used 157551K, capacity 161040K, committed 161152K, reserved 1189888K
  class space    used 19549K, capacity 20780K, committed 20864K, reserved 1048576K
}
Event: 155.806 GC heap before
{Heap before GC invocations=89 (full 0):
 garbage-first heap   total 227328K, used 183030K [0x0000000080000000, 0x0000000100000000)
  region size 1024K, 39 young (39936K), 6 survivors (6144K)
 Metaspace       used 158587K, capacity 162064K, committed 162304K, reserved 1189888K
  class space    used 19670K, capacity 20944K, committed 20992K, reserved 1048576K
}
Event: 155.821 GC heap after
{Heap after GC invocations=90 (full 0):
 garbage-first heap   total 227328K, used 157272K [0x0000000080000000, 0x0000000100000000)
  region size 1024K, 5 young (5120K), 5 survivors (5120K)
 Metaspace       used 158587K, capacity 162064K, committed 162304K, reserved 1189888K
  class space    used 19670K, capacity 20944K, committed 20992K, reserved 1048576K
}
Event: 156.029 GC heap before
{Heap before GC invocations=90 (full 0):
 garbage-first heap   total 227328K, used 186968K [0x0000000080000000, 0x0000000100000000)
  region size 1024K, 34 young (34816K), 5 survivors (5120K)
 Metaspace       used 158594K, capacity 162130K, committed 162304K, reserved 1189888K
  class space    used 19671K, capacity 20944K, committed 20992K, reserved 1048576K
}
Event: 156.056 GC heap after
{Heap after GC invocations=91 (full 0):
 garbage-first heap   total 227328K, used 165248K [0x0000000080000000, 0x0000000100000000)
  region size 1024K, 5 young (5120K), 5 survivors (5120K)
 Metaspace       used 158594K, capacity 162130K, committed 162304K, reserved 1189888K
  class space    used 19671K, capacity 20944K, committed 20992K, reserved 1048576K
}
Event: 156.276 GC heap before
{Heap before GC invocations=91 (full 0):
 garbage-first heap   total 227328K, used 188800K [0x0000000080000000, 0x0000000100000000)
  region size 1024K, 28 young (28672K), 5 survivors (5120K)
 Metaspace       used 158601K, capacity 162132K, committed 162304K, reserved 1189888K
  class space    used 19671K, capacity 20944K, committed 20992K, reserved 1048576K
}
Event: 156.305 GC heap after
{Heap after GC invocations=92 (full 0):
 garbage-first heap   total 339968K, used 171368K [0x0000000080000000, 0x0000000100000000)
  region size 1024K, 4 young (4096K), 4 survivors (4096K)
 Metaspace       used 158601K, capacity 162132K, committed 162304K, reserved 1189888K
  class space    used 19671K, capacity 20944K, committed 20992K, reserved 1048576K
}
Event: 156.880 GC heap before
{Heap before GC invocations=93 (full 0):
 garbage-first heap   total 339968K, used 227688K [0x0000000080000000, 0x0000000100000000)
  region size 1024K, 60 young (61440K), 4 survivors (4096K)
 Metaspace       used 158611K, capacity 162136K, committed 162304K, reserved 1189888K
  class space    used 19672K, capacity 20945K, committed 20992K, reserved 1048576K
}
Event: 156.929 GC heap after
{Heap after GC invocations=94 (full 0):
 garbage-first heap   total 339968K, used 186368K [0x0000000080000000, 0x0000000100000000)
  region size 1024K, 8 young (8192K), 8 survivors (8192K)
 Metaspace       used 158611K, capacity 162136K, committed 162304K, reserved 1189888K
  class space    used 19672K, capacity 20945K, committed 20992K, reserved 1048576K
}
Event: 157.345 GC heap before
{Heap before GC invocations=94 (full 0):
 garbage-first heap   total 339968K, used 242688K [0x0000000080000000, 0x0000000100000000)
  region size 1024K, 62 young (63488K), 8 survivors (8192K)
 Metaspace       used 158611K, capacity 162136K, committed 162304K, reserved 1189888K
  class space    used 19672K, capacity 20945K, committed 20992K, reserved 1048576K
}
Event: 157.416 GC heap after
{Heap after GC invocations=95 (full 0):
 garbage-first heap   total 339968K, used 202666K [0x0000000080000000, 0x0000000100000000)
  region size 1024K, 8 young (8192K), 8 survivors (8192K)
 Metaspace       used 158611K, capacity 162136K, committed 162304K, reserved 1189888K
  class space    used 19672K, capacity 20945K, committed 20992K, reserved 1048576K
}
Event: 157.907 GC heap before
{Heap before GC invocations=95 (full 0):
 garbage-first heap   total 339968K, used 256938K [0x0000000080000000, 0x0000000100000000)
  region size 1024K, 58 young (59392K), 8 survivors (8192K)
 Metaspace       used 158644K, capacity 162147K, committed 162304K, reserved 1189888K
  class space    used 19674K, capacity 20947K, committed 20992K, reserved 1048576K
}
Event: 157.963 GC heap after
{Heap after GC invocations=96 (full 0):
 garbage-first heap   total 339968K, used 221184K [0x0000000080000000, 0x0000000100000000)
  region size 1024K, 8 young (8192K), 8 survivors (8192K)
 Metaspace       used 158644K, capacity 162147K, committed 162304K, reserved 1189888K
  class space    used 19674K, capacity 20947K, committed 20992K, reserved 1048576K
}
Event: 158.298 GC heap before
{Heap before GC invocations=96 (full 0):
 garbage-first heap   total 339968K, used 266240K [0x0000000080000000, 0x0000000100000000)
  region size 1024K, 52 young (53248K), 8 survivors (8192K)
 Metaspace       used 158644K, capacity 162147K, committed 162304K, reserved 1189888K
  class space    used 19674K, capacity 20947K, committed 20992K, reserved 1048576K
}

